1:C 20 Mar 2020 19:59:18.205 # oO0OoO0OoO0Oo Redis is starting oO0OoO0OoO0Oo
1:C 20 Mar 2020 19:59:18.207 # Redis version=5.0.7, bits=64, commit=00000000, modified=0, pid=1, just started
1:C 20 Mar 2020 19:59:18.209 # Configuration loaded
                _._                                                  
           _.-``__ ''-._                                             
      _.-``    `.  `_.  ''-._           Redis 5.0.7 (00000000/0) 64 bit
  .-`` .-```.  ```\/    _.,_ ''-._                                   
 (    '      ,       .-`  | `,    )     Running in standalone mode
 |`-._`-...-` __...-.``-._|'` _.-'|     Port: 6379
 |    `-._   `._    /     _.-'    |     PID: 1
  `-._    `-._  `-./  _.-'    _.-'                                   
 |`-._`-._    `-.__.-'    _.-'_.-'|                                  
 |    `-._`-._        _.-'_.-'    |           http://redis.io        
  `-._    `-._`-.__.-'_.-'    _.-'                                   
 |`-._`-._    `-.__.-'    _.-'_.-'|                                  
 |    `-._`-._        _.-'_.-'    |                                  
  `-._    `-._`-.__.-'_.-'    _.-'                                   
      `-._    `-.__.-'    _.-'                                       
          `-._        _.-'                                           
              `-.__.-'                                               

1:M 20 Mar 2020 19:59:18.216 # WARNING: The TCP backlog setting of 511 cannot be enforced because /proc/sys/net/core/somaxconn is set to the lower value of 128.
1:M 20 Mar 2020 19:59:18.218 # Server initialized
1:M 20 Mar 2020 19:59:18.220 # WARNING you have Transparent Huge Pages (THP) support enabled in your kernel. This will create latency and memory usage issues with Redis. To fix this issue run the command 'echo never > /sys/kernel/mm/transparent_hugepage/enabled' as root, and add it to your /etc/rc.local in order to retain the setting after a reboot. Redis must be restarted after THP is disabled.
1:M 20 Mar 2020 19:59:18.224 * Ready to accept connections
1:signal-handler (1584705739) Received SIGTERM scheduling shutdown...
1:M 20 Mar 2020 20:02:19.688 # User requested shutdown...
1:M 20 Mar 2020 20:02:19.693 * Calling fsync() on the AOF file.
1:M 20 Mar 2020 20:02:19.695 * Saving the final RDB snapshot before exiting.
1:M 20 Mar 2020 20:02:19.699 * DB saved on disk
1:M 20 Mar 2020 20:02:19.700 * Removing the pid file.
1:M 20 Mar 2020 20:02:19.702 # Redis is now ready to exit, bye bye...
1:C 20 Mar 2020 20:06:35.493 # oO0OoO0OoO0Oo Redis is starting oO0OoO0OoO0Oo
1:C 20 Mar 2020 20:06:35.495 # Redis version=5.0.7, bits=64, commit=00000000, modified=0, pid=1, just started
1:C 20 Mar 2020 20:06:35.497 # Configuration loaded
                _._                                                  
           _.-``__ ''-._                                             
      _.-``    `.  `_.  ''-._           Redis 5.0.7 (00000000/0) 64 bit
  .-`` .-```.  ```\/    _.,_ ''-._                                   
 (    '      ,       .-`  | `,    )     Running in standalone mode
 |`-._`-...-` __...-.``-._|'` _.-'|     Port: 6379
 |    `-._   `._    /     _.-'    |     PID: 1
  `-._    `-._  `-./  _.-'    _.-'                                   
 |`-._`-._    `-.__.-'    _.-'_.-'|                                  
 |    `-._`-._        _.-'_.-'    |           http://redis.io        
  `-._    `-._`-.__.-'_.-'    _.-'                                   
 |`-._`-._    `-.__.-'    _.-'_.-'|                                  
 |    `-._`-._        _.-'_.-'    |                                  
  `-._    `-._`-.__.-'_.-'    _.-'                                   
      `-._    `-.__.-'    _.-'                                       
          `-._        _.-'                                           
              `-.__.-'                                               

1:M 20 Mar 2020 20:06:35.503 # WARNING: The TCP backlog setting of 511 cannot be enforced because /proc/sys/net/core/somaxconn is set to the lower value of 128.
1:M 20 Mar 2020 20:06:35.505 # Server initialized
1:M 20 Mar 2020 20:06:35.508 # WARNING you have Transparent Huge Pages (THP) support enabled in your kernel. This will create latency and memory usage issues with Redis. To fix this issue run the command 'echo never > /sys/kernel/mm/transparent_hugepage/enabled' as root, and add it to your /etc/rc.local in order to retain the setting after a reboot. Redis must be restarted after THP is disabled.
1:M 20 Mar 2020 20:06:35.512 * Ready to accept connections
1:M 20 Mar 2020 20:20:46.061 * Replica 172.60.0.3:6379 asks for synchronization
1:M 20 Mar 2020 20:20:46.064 * Full resync requested by replica 172.60.0.3:6379
1:M 20 Mar 2020 20:20:46.066 * Starting BGSAVE for SYNC with target: disk
1:M 20 Mar 2020 20:20:46.068 * Background saving started by pid 27
27:C 20 Mar 2020 20:20:46.074 * DB saved on disk
27:C 20 Mar 2020 20:20:46.078 * RDB: 0 MB of memory used by copy-on-write
1:M 20 Mar 2020 20:20:46.101 * Replica 172.60.0.4:6379 asks for synchronization
1:M 20 Mar 2020 20:20:46.102 * Full resync requested by replica 172.60.0.4:6379
1:M 20 Mar 2020 20:20:46.105 * Waiting for end of BGSAVE for SYNC
1:M 20 Mar 2020 20:20:46.144 * Background saving terminated with success
1:M 20 Mar 2020 20:20:46.150 * Synchronization with replica 172.60.0.3:6379 succeeded
1:M 20 Mar 2020 20:20:46.153 * Synchronization with replica 172.60.0.4:6379 succeeded
